<?xml version="1.0" encoding="UTF-8"?>
<!-- Generated by org.testng.reporters.JUnitXMLReporter -->
<testsuite ignored="0" hostname="pirozhok-GF63-8RC" failures="0" tests="1" name="Command line test" time="14.778" errors="0" timestamp="2021-11-15T01:22:48 MSK">
  <testcase classname="tests.TravelYandexTrainsPageTest" name="@BeforeMethod browserSetup" time="14.749">
    <failure type="org.openqa.selenium.SessionNotCreatedException" message="Could not start a new session. Response code 500. Message: Failed to decode response from marionette
Build info: version: &amp;apos;4.0.0&amp;apos;, revision: &amp;apos;3a21814679&amp;apos;
System info: host: &amp;apos;pirozhok-GF63-8RC&amp;apos;, ip: &amp;apos;127.0.1.1&amp;apos;, os.name: &amp;apos;Linux&amp;apos;, os.arch: &amp;apos;amd64&amp;apos;, os.version: &amp;apos;5.11.0-38-generic&amp;apos;, java.version: &amp;apos;11.0.11&amp;apos;
Driver info: org.openqa.selenium.firefox.FirefoxDriver
Command: [null, newSession {capabilities=[Capabilities {acceptInsecureCerts: true, browserName: chrome, goog:chromeOptions: {args: [--headless, --no-sandbox, --disable-dev-shm-usage, --window-size=1920,1080, --disable-extensions, --proxy-server=&amp;apos;direct://&amp;apos;, --proxy-bypass-list=*, --start-maximized, --disable-gpu, --ignore-certificate-errors], extensions: []}}, Capabilities {acceptInsecureCerts: true, moz:debuggerAddress: true, moz:firefoxOptions: {}}], desiredCapabilities=Capabilities {acceptInsecureCerts: true, browserName: chrome, goog:chromeOptions: {args: [--headless, --no-sandbox, --disable-dev-shm-usage, --window-size=1920,1080, --disable-extensions, --proxy-server=&amp;apos;direct://&amp;apos;, --proxy-bypass-list=*, --start-maximized, --disable-gpu, --ignore-certificate-errors], extensions: []}, moz:debuggerAddress: true, moz:firefoxOptions: {}}}]">
      <![CDATA[org.openqa.selenium.SessionNotCreatedException: Could not start a new session. Response code 500. Message: Failed to decode response from marionette
Build info: version: '4.0.0', revision: '3a21814679'
System info: host: 'pirozhok-GF63-8RC', ip: '127.0.1.1', os.name: 'Linux', os.arch: 'amd64', os.version: '5.11.0-38-generic', java.version: '11.0.11'
Driver info: org.openqa.selenium.firefox.FirefoxDriver
Command: [null, newSession {capabilities=[Capabilities {acceptInsecureCerts: true, browserName: chrome, goog:chromeOptions: {args: [--headless, --no-sandbox, --disable-dev-shm-usage, --window-size=1920,1080, --disable-extensions, --proxy-server='direct://', --proxy-bypass-list=*, --start-maximized, --disable-gpu, --ignore-certificate-errors], extensions: []}}, Capabilities {acceptInsecureCerts: true, moz:debuggerAddress: true, moz:firefoxOptions: {}}], desiredCapabilities=Capabilities {acceptInsecureCerts: true, browserName: chrome, goog:chromeOptions: {args: [--headless, --no-sandbox, --disable-dev-shm-usage, --window-size=1920,1080, --disable-extensions, --proxy-server='direct://', --proxy-bypass-list=*, --start-maximized, --disable-gpu, --ignore-certificate-errors], extensions: []}, moz:debuggerAddress: true, moz:firefoxOptions: {}}}]
at org.openqa.selenium.remote.ProtocolHandshake.createSession(ProtocolHandshake.java:126)
at org.openqa.selenium.remote.ProtocolHandshake.createSession(ProtocolHandshake.java:84)
at org.openqa.selenium.remote.ProtocolHandshake.createSession(ProtocolHandshake.java:62)
at org.openqa.selenium.remote.HttpCommandExecutor.execute(HttpCommandExecutor.java:156)
at org.openqa.selenium.remote.service.DriverCommandExecutor.invokeExecute(DriverCommandExecutor.java:164)
at org.openqa.selenium.remote.service.DriverCommandExecutor.execute(DriverCommandExecutor.java:139)
at org.openqa.selenium.remote.RemoteWebDriver.execute(RemoteWebDriver.java:559)
at org.openqa.selenium.remote.RemoteWebDriver.startSession(RemoteWebDriver.java:246)
at org.openqa.selenium.remote.RemoteWebDriver.<init>(RemoteWebDriver.java:168)
at org.openqa.selenium.firefox.FirefoxDriver.<init>(FirefoxDriver.java:198)
at org.openqa.selenium.firefox.FirefoxDriver.<init>(FirefoxDriver.java:186)
at org.openqa.selenium.firefox.FirefoxDriver.<init>(FirefoxDriver.java:172)
at tests.TravelYandexTrainsPageTest.browserSetup(TravelYandexTrainsPageTest.java:24)
... Removed 37 stack frames]]>
    </failure>
  </testcase> <!-- @BeforeMethod browserSetup -->
  <testcase classname="tests.TravelYandexTrainsPageTest" name="@AfterMethod quit" time="-1.636928568726E9">
    <skipped/>
  </testcase> <!-- @AfterMethod quit -->
  <testcase classname="tests.TravelYandexTrainsPageTest" name="testSearchResultForTrainTicketsWithoutEnteringDate" time="0.0">
    <skipped/>
  </testcase> <!-- testSearchResultForTrainTicketsWithoutEnteringDate -->
</testsuite> <!-- Command line test -->
